Arguments: 
  C:\Program Files\nodejs\node.exe C:\Users\KGA_19\AppData\Roaming\npm\node_modules\yarn\bin\yarn.js add react-app 20211102_2

PATH: 
  C:\ProgramData\Anaconda3;C:\ProgramData\Anaconda3\Library\mingw-w64\bin;C:\ProgramData\Anaconda3\Library\usr\bin;C:\ProgramData\Anaconda3\Library\bin;C:\ProgramData\Anaconda3\Scripts;C:\Python39\Scripts\;C:\Python39\;C:\Windows\system32;C:\Windows;C:\Windows\System32\Wbem;C:\Windows\System32\WindowsPowerShell\v1.0\;C:\Windows\System32\OpenSSH\;C:\ProgramData\chocolatey\bin;C:\Program Files\Git\cmd;C:\Users\KGA_19\AppData\Roaming\nvm;C:\Program Files\nodejs;C:\Users\KGA_19\AppData\Local\Microsoft\WindowsApps;C:\Program Files\Bandizip\;C:\Users\KGA_19\AppData\Local\Programs\Microsoft VS Code\bin;C:\Users\KGA_19\AppData\Roaming\npm;C:\Users\KGA_19\AppData\Roaming\nvm;C:\Program Files\nodejs;C:\Users\KGA_19\AppData\Local\GitHubDesktop\bin

Yarn version: 
  1.22.17

Node version: 
  14.17.6

Platform: 
  win32 x64

Trace: 
  Error: https://registry.yarnpkg.com/20211102_2: Not found
      at Request.params.callback [as _callback] (C:\Users\KGA_19\AppData\Roaming\npm\node_modules\yarn\lib\cli.js:67029:18)
      at Request.self.callback (C:\Users\KGA_19\AppData\Roaming\npm\node_modules\yarn\lib\cli.js:140883:22)
      at Request.emit (events.js:400:28)
      at Request.<anonymous> (C:\Users\KGA_19\AppData\Roaming\npm\node_modules\yarn\lib\cli.js:141855:10)
      at Request.emit (events.js:400:28)
      at IncomingMessage.<anonymous> (C:\Users\KGA_19\AppData\Roaming\npm\node_modules\yarn\lib\cli.js:141777:12)
      at Object.onceWrapper (events.js:519:28)
      at IncomingMessage.emit (events.js:412:35)
      at endReadableNT (internal/streams/readable.js:1317:12)
      at processTicksAndRejections (internal/process/task_queues.js:82:21)

npm manifest: 
  No manifest

yarn manifest: 
  No manifest

Lockfile: 
  No lockfile
